<?xml version="1.0" encoding="UTF-8"?>
<!-- Generated by org.testng.reporters.JUnitReportReporter -->
<testsuite hostname="HASEEF" failures="0" tests="5" name="com.bounceadmin.testscript.SalesAndCollectionReport" time="40.413" errors="0" timestamp="2021-09-17T10:17:40 IST" skipped="0">
  <testcase classname="com.bounceadmin.testscript.SalesAndCollectionReport" name="filterByCountry" time="18.181"/>
  <system-out/>
  <testcase classname="com.bounceadmin.testscript.SalesAndCollectionReport" name="filterByNursery" time="4.542"/>
  <system-out/>
  <testcase classname="com.bounceadmin.testscript.SalesAndCollectionReport" name="filterByCountryNursery" time="4.397"/>
  <system-out/>
  <testcase classname="com.bounceadmin.testscript.SalesAndCollectionReport" name="verifyPrintClickCancel" time="5.844"/>
  <system-out/>
  <testcase classname="com.bounceadmin.testscript.SalesAndCollectionReport" name="verifyPrintClickPrint" time="7.449"/>
  <system-out/>
</testsuite> <!-- com.bounceadmin.testscript.SalesAndCollectionReport -->
