<?xml version="1.0" encoding="UTF-8"?>
<!-- Generated by org.testng.reporters.JUnitReportReporter -->
<testsuite hostname="HASEEF" failures="0" tests="2" name="com.bounceadmin.testscript.Tax" time="8.810" errors="0" timestamp="2021-09-15T10:51:06 IST" skipped="0">
  <testcase classname="com.bounceadmin.testscript.Tax" name="checkCountries" time="5.273"/>
  <system-out/>
  <testcase classname="com.bounceadmin.testscript.Tax" name="editTax" time="3.537"/>
  <system-out/>
</testsuite> <!-- com.bounceadmin.testscript.Tax -->
