<?xml version="1.0" encoding="UTF-8"?>
<!-- Generated by org.testng.reporters.JUnitReportReporter -->
<testsuite hostname="HASEEF" failures="0" tests="1" name="com.bounceadmin.testscript.NotificationTemplate" time="5.709" errors="0" timestamp="2021-09-15T10:51:06 IST" skipped="0">
  <testcase classname="com.bounceadmin.testscript.NotificationTemplate" name="verifyPresenceOfAllTemplates" time="5.709"/>
  <system-out/>
</testsuite> <!-- com.bounceadmin.testscript.NotificationTemplate -->
