<?xml version="1.0" encoding="UTF-8"?>
<!-- Generated by org.testng.reporters.JUnitReportReporter -->
<testsuite hostname="HASEEF" failures="0" tests="2" name="com.bounceadmin.testscript.ResourceDetailReport" time="8.498" errors="0" timestamp="2021-09-15T10:51:06 IST" skipped="0">
  <testcase classname="com.bounceadmin.testscript.ResourceDetailReport" name="filterReportByNurseryName" time="6.554"/>
  <system-out/>
  <testcase classname="com.bounceadmin.testscript.ResourceDetailReport" name="filterReportByCountry" time="1.944"/>
  <system-out/>
</testsuite> <!-- com.bounceadmin.testscript.ResourceDetailReport -->
