<?xml version="1.0" encoding="UTF-8"?>
<!-- Generated by org.testng.reporters.JUnitReportReporter -->
<testsuite hostname="HASEEF" failures="0" tests="3" name="com.bounceadmin.testscript.Dashboard" time="31.626" errors="0" timestamp="2021-09-15T10:51:06 IST" skipped="0">
  <testcase classname="com.bounceadmin.testscript.Dashboard" name="verifyDashboardData" time="3.101"/>
  <system-out/>
  <testcase classname="com.bounceadmin.testscript.Dashboard" name="switchToDarisniSuperAdmin" time="11.123"/>
  <system-out/>
  <testcase classname="com.bounceadmin.testscript.Dashboard" name="switchToBounceAdmin" time="17.402"/>
  <system-out/>
</testsuite> <!-- com.bounceadmin.testscript.Dashboard -->
