<?xml version="1.0" encoding="UTF-8"?>
<!-- Generated by org.testng.reporters.JUnitReportReporter -->
<testsuite hostname="HASEEF" failures="0" tests="8" name="com.bounceadmin.testscript.AddStaff" time="70.304" errors="0" timestamp="2021-09-15T10:51:06 IST" skipped="0">
  <testcase classname="com.bounceadmin.testscript.AddStaff" name="verifyMandatoryMsg" time="5.023"/>
  <system-out/>
  <testcase classname="com.bounceadmin.testscript.AddStaff" name="addStaffAsCustomerSupportAgent" time="9.747"/>
  <system-out/>
  <testcase classname="com.bounceadmin.testscript.AddStaff" name="addStaffAsSample" time="9.004"/>
  <system-out/>
  <testcase classname="com.bounceadmin.testscript.AddStaff" name="addStaffAsInsAdmin" time="9.557"/>
  <system-out/>
  <testcase classname="com.bounceadmin.testscript.AddStaff" name="addStaffAsNewrole" time="8.921"/>
  <system-out/>
  <testcase classname="com.bounceadmin.testscript.AddStaff" name="addStaffAsActiveStudentReportOnly" time="9.614"/>
  <system-out/>
  <testcase classname="com.bounceadmin.testscript.AddStaff" name="addStaffAstestRole" time="8.957"/>
  <system-out/>
  <testcase classname="com.bounceadmin.testscript.AddStaff" name="addStaffWithAllRoles" time="9.481"/>
  <system-out/>
</testsuite> <!-- com.bounceadmin.testscript.AddStaff -->
