<?xml version="1.0" encoding="UTF-8"?>
<!-- Generated by org.testng.reporters.JUnitReportReporter -->
<testsuite hostname="HASEEF" failures="0" tests="4" name="com.bounceadmin.testscript.OTPList" time="26.875" errors="0" timestamp="2021-09-15T10:51:06 IST" skipped="0">
  <testcase classname="com.bounceadmin.testscript.OTPList" name="verifyHeadersAndfilterByStatus" time="7.184"/>
  <system-out/>
  <testcase classname="com.bounceadmin.testscript.OTPList" name="filterByPhoneCode" time="3.594"/>
  <system-out/>
  <testcase classname="com.bounceadmin.testscript.OTPList" name="verifySortForPhoneNumber" time="8.228"/>
  <system-out/>
  <testcase classname="com.bounceadmin.testscript.OTPList" name="verifySortForCreatedDate" time="7.869"/>
  <system-out/>
</testsuite> <!-- com.bounceadmin.testscript.OTPList -->
