<?xml version="1.0" encoding="UTF-8"?>
<!-- Generated by org.testng.reporters.JUnitReportReporter -->
<testsuite hostname="HASEEF" failures="0" tests="2" name="com.bounceadmin.testscript.ActivityReport" time="43.721" errors="0" timestamp="2021-09-15T10:51:06 IST" skipped="0">
  <testcase classname="com.bounceadmin.testscript.ActivityReport" name="filterReportByCountry" time="41.180"/>
  <system-out/>
  <testcase classname="com.bounceadmin.testscript.ActivityReport" name="filterReportByNurseryName" time="2.541"/>
  <system-out/>
</testsuite> <!-- com.bounceadmin.testscript.ActivityReport -->
