<?xml version="1.0" encoding="UTF-8"?>
<!-- Generated by org.testng.reporters.JUnitReportReporter -->
<testsuite hostname="HASEEF" failures="0" tests="52" name="com.bounceadmin.testscript.ListNursery" time="412.773" errors="0" timestamp="2021-09-15T10:51:06 IST" skipped="0">
  <testcase classname="com.bounceadmin.testscript.ListNursery" name="filterByNurseryName" time="9.751"/>
  <system-out/>
  <testcase classname="com.bounceadmin.testscript.ListNursery" name="filterByStatus" time="18.132"/>
  <system-out/>
  <testcase classname="com.bounceadmin.testscript.ListNursery" name="filterByCountry" time="17.405"/>
  <system-out/>
  <testcase classname="com.bounceadmin.testscript.ListNursery" name="filterByEmail" time="3.948"/>
  <system-out/>
  <testcase classname="com.bounceadmin.testscript.ListNursery" name="filterByPhoneNumber" time="3.900"/>
  <system-out/>
  <testcase classname="com.bounceadmin.testscript.ListNursery" name="filterByCountryCode" time="10.748"/>
  <system-out/>
  <testcase classname="com.bounceadmin.testscript.ListNursery" name="filterByAccess" time="23.525"/>
  <system-out/>
  <testcase classname="com.bounceadmin.testscript.ListNursery" name="filterByNurseryNameAndStatus" time="4.114"/>
  <system-out/>
  <testcase classname="com.bounceadmin.testscript.ListNursery" name="filterByNurseryNameAndEmail" time="3.959"/>
  <system-out/>
  <testcase classname="com.bounceadmin.testscript.ListNursery" name="filterByNurseryNameAndCountry" time="4.241"/>
  <system-out/>
  <testcase classname="com.bounceadmin.testscript.ListNursery" name="filterByNurseryNameAndCountryCode" time="4.431"/>
  <system-out/>
  <testcase classname="com.bounceadmin.testscript.ListNursery" name="filterByNurseryNameAndPhone" time="4.069"/>
  <system-out/>
  <testcase classname="com.bounceadmin.testscript.ListNursery" name="filterByNurseryNameAndAccess" time="4.549"/>
  <system-out/>
  <testcase classname="com.bounceadmin.testscript.ListNursery" name="filterByStatusAndEmail" time="4.095"/>
  <system-out/>
  <testcase classname="com.bounceadmin.testscript.ListNursery" name="filterByStatusAndCountry" time="19.198"/>
  <system-out/>
  <testcase classname="com.bounceadmin.testscript.ListNursery" name="filterByStatusAndCountryCode" time="12.246"/>
  <system-out/>
  <testcase classname="com.bounceadmin.testscript.ListNursery" name="filterByStatusAndPhone" time="4.141"/>
  <system-out/>
  <testcase classname="com.bounceadmin.testscript.ListNursery" name="filterByStatusAndAccess" time="28.914"/>
  <system-out/>
  <testcase classname="com.bounceadmin.testscript.ListNursery" name="filterByEmailAndCountry" time="4.138"/>
  <system-out/>
  <testcase classname="com.bounceadmin.testscript.ListNursery" name="filterByEmailAndCountryCode" time="3.870"/>
  <system-out/>
  <testcase classname="com.bounceadmin.testscript.ListNursery" name="filterByEmailAndPhone" time="3.944"/>
  <system-out/>
  <testcase classname="com.bounceadmin.testscript.ListNursery" name="filterByEmailAndAccess" time="3.808"/>
  <system-out/>
  <testcase classname="com.bounceadmin.testscript.ListNursery" name="filterByCountryAndCountryCode" time="18.133"/>
  <system-out/>
  <testcase classname="com.bounceadmin.testscript.ListNursery" name="filterByCountryAndPhone" time="3.774"/>
  <system-out/>
  <testcase classname="com.bounceadmin.testscript.ListNursery" name="filterByCountryAndAccess" time="28.230"/>
  <system-out/>
  <testcase classname="com.bounceadmin.testscript.ListNursery" name="filterByCountryCodeAndPhone" time="3.881"/>
  <system-out/>
  <testcase classname="com.bounceadmin.testscript.ListNursery" name="filterByCountryCodeAndAccess" time="21.292"/>
  <system-out/>
  <testcase classname="com.bounceadmin.testscript.ListNursery" name="filterByPhoneAndAccess" time="4.161"/>
  <system-out/>
  <testcase classname="com.bounceadmin.testscript.ListNursery" name="filterByNurseryNameStatusAndEmail" time="4.437"/>
  <system-out/>
  <testcase classname="com.bounceadmin.testscript.ListNursery" name="filterByNurseryNameStatusAndCountry" time="4.188"/>
  <system-out/>
  <testcase classname="com.bounceadmin.testscript.ListNursery" name="filterByNurseryNameStatusAndCountryCode" time="4.134"/>
  <system-out/>
  <testcase classname="com.bounceadmin.testscript.ListNursery" name="filterByNurseryNameStatusAndPhone" time="4.368"/>
  <system-out/>
  <testcase classname="com.bounceadmin.testscript.ListNursery" name="filterByNurseryNameStatusAndAccess" time="4.311"/>
  <system-out/>
  <testcase classname="com.bounceadmin.testscript.ListNursery" name="filterByNameEmailAndCountry" time="4.660"/>
  <system-out/>
  <testcase classname="com.bounceadmin.testscript.ListNursery" name="filterByNameEmailAndCountryCode" time="4.490"/>
  <system-out/>
  <testcase classname="com.bounceadmin.testscript.ListNursery" name="filterByNameEmailAndPhone" time="4.214"/>
  <system-out/>
  <testcase classname="com.bounceadmin.testscript.ListNursery" name="filterByStatusEmailAndCountry" time="4.424"/>
  <system-out/>
  <testcase classname="com.bounceadmin.testscript.ListNursery" name="filterByStatusCountryAndCountryCode" time="16.175"/>
  <system-out/>
  <testcase classname="com.bounceadmin.testscript.ListNursery" name="filterByStatusCountryAndPhone" time="4.026"/>
  <system-out/>
  <testcase classname="com.bounceadmin.testscript.ListNursery" name="filterByNameCountryAndPhone" time="4.130"/>
  <system-out/>
  <testcase classname="com.bounceadmin.testscript.ListNursery" name="filterByEmailCountryAndPhone" time="4.168"/>
  <system-out/>
  <testcase classname="com.bounceadmin.testscript.ListNursery" name="filterNurseryByNameEmailCountryAndPhone" time="4.639"/>
  <system-out/>
  <testcase classname="com.bounceadmin.testscript.ListNursery" name="filterNurseryByNameEmailCountryCountrycodeAndPhone" time="4.697"/>
  <system-out/>
  <testcase classname="com.bounceadmin.testscript.ListNursery" name="filterNurseryByNameStatusCountryPhone" time="4.613"/>
  <system-out/>
  <testcase classname="com.bounceadmin.testscript.ListNursery" name="filterNurseryByNameStatusEmailCountryCountrycodeAndPhone" time="4.891"/>
  <system-out/>
  <testcase classname="com.bounceadmin.testscript.ListNursery" name="filterNurseryByStatusEmailCountryCountryCodeAndPhone" time="4.517"/>
  <system-out/>
  <testcase classname="com.bounceadmin.testscript.ListNursery" name="filterNurseryList" time="5.075"/>
  <system-out/>
  <testcase classname="com.bounceadmin.testscript.ListNursery" name="verifySortForNurseryName" time="8.025"/>
  <system-out/>
  <testcase classname="com.bounceadmin.testscript.ListNursery" name="verifySortForNurseryEmail" time="7.982"/>
  <system-out/>
  <testcase classname="com.bounceadmin.testscript.ListNursery" name="verifySortForCountry" time="8.071"/>
  <system-out/>
  <testcase classname="com.bounceadmin.testscript.ListNursery" name="verifySortForCreatedDate" time="7.947"/>
  <system-out/>
  <testcase classname="com.bounceadmin.testscript.ListNursery" name="verifySortForStatus" time="7.994"/>
  <system-out/>
</testsuite> <!-- com.bounceadmin.testscript.ListNursery -->
