<?xml version="1.0" encoding="UTF-8"?>
<!-- Generated by org.testng.reporters.JUnitReportReporter -->
<testsuite hostname="HASEEF" failures="0" tests="1" name="com.bounceadmin.testscript.PaymentGateway" time="7.770" errors="0" timestamp="2021-09-15T10:51:06 IST" skipped="0">
  <testcase classname="com.bounceadmin.testscript.PaymentGateway" name="editCommission" time="7.770"/>
  <system-out/>
</testsuite> <!-- com.bounceadmin.testscript.PaymentGateway -->
