<?xml version="1.0" encoding="UTF-8"?>
<!-- Generated by org.testng.reporters.JUnitReportReporter -->
<testsuite hostname="HASEEF" failures="0" tests="22" name="com.bounceadmin.testscript.StaffList" time="150.085" errors="0" timestamp="2021-09-15T10:51:06 IST" skipped="0">
  <testcase classname="com.bounceadmin.testscript.StaffList" name="listAndViewStaffDetails" time="8.663"/>
  <system-out/>
  <testcase classname="com.bounceadmin.testscript.StaffList" name="deactivateStaff" time="7.781"/>
  <system-out/>
  <testcase classname="com.bounceadmin.testscript.StaffList" name="activateStaff" time="7.783"/>
  <system-out/>
  <testcase classname="com.bounceadmin.testscript.StaffList" name="verifyMultiRolesForSingleName" time="4.831"/>
  <system-out/>
  <testcase classname="com.bounceadmin.testscript.StaffList" name="filterStaffByName" time="3.564"/>
  <system-out/>
  <testcase classname="com.bounceadmin.testscript.StaffList" name="filterStaffByEmail" time="3.569"/>
  <system-out/>
  <testcase classname="com.bounceadmin.testscript.StaffList" name="filterStaffByStatus" time="30.435"/>
  <system-out/>
  <testcase classname="com.bounceadmin.testscript.StaffList" name="filterStaffByRole" time="10.239"/>
  <system-out/>
  <testcase classname="com.bounceadmin.testscript.StaffList" name="filterStaffByNameAndEmail" time="3.703"/>
  <system-out/>
  <testcase classname="com.bounceadmin.testscript.StaffList" name="filterStaffByNameAndStatus" time="3.438"/>
  <system-out/>
  <testcase classname="com.bounceadmin.testscript.StaffList" name="filterStaffByNameAndRole" time="3.951"/>
  <system-out/>
  <testcase classname="com.bounceadmin.testscript.StaffList" name="filterStaffByEmailAndStatus" time="3.627"/>
  <system-out/>
  <testcase classname="com.bounceadmin.testscript.StaffList" name="filterStaffByEmailAndRole" time="4.226"/>
  <system-out/>
  <testcase classname="com.bounceadmin.testscript.StaffList" name="filterStaffByStatusAndRole" time="8.696"/>
  <system-out/>
  <testcase classname="com.bounceadmin.testscript.StaffList" name="filterStaffByNameEmailAndRole" time="4.126"/>
  <system-out/>
  <testcase classname="com.bounceadmin.testscript.StaffList" name="filterStaffByNameEmailAndStatus" time="3.587"/>
  <system-out/>
  <testcase classname="com.bounceadmin.testscript.StaffList" name="filterStaffByEmailStatusAndRole" time="3.924"/>
  <system-out/>
  <testcase classname="com.bounceadmin.testscript.StaffList" name="filterStaffByNameStatusAndRole" time="3.730"/>
  <system-out/>
  <testcase classname="com.bounceadmin.testscript.StaffList" name="filterStaff" time="3.989"/>
  <system-out/>
  <testcase classname="com.bounceadmin.testscript.StaffList" name="verifySortForEmail" time="8.826"/>
  <system-out/>
  <testcase classname="com.bounceadmin.testscript.StaffList" name="verifySortForName" time="8.645"/>
  <system-out/>
  <testcase classname="com.bounceadmin.testscript.StaffList" name="verifySortForStatus" time="8.752"/>
  <system-out/>
</testsuite> <!-- com.bounceadmin.testscript.StaffList -->
