<?xml version="1.0" encoding="UTF-8"?>
<!-- Generated by org.testng.reporters.JUnitReportReporter -->
<testsuite hostname="HASEEF" failures="0" tests="1" name="com.bounceadmin.testscript.LogIn" time="15.427" errors="0" timestamp="2021-10-21T12:55:48 IST" skipped="0">
  <testcase classname="com.bounceadmin.testscript.LogIn" name="validLoginAsBounceAdmin" time="15.427"/>
  <system-out/>
</testsuite> <!-- com.bounceadmin.testscript.LogIn -->
