<?xml version="1.0" encoding="UTF-8"?>
<!-- Generated by org.testng.reporters.JUnitReportReporter -->
<testsuite hostname="HASEEF" failures="0" tests="5" name="com.bounceadmin.testscript.SalesCommissionReport" time="58.643" errors="0" timestamp="2021-09-17T10:19:49 IST" skipped="0">
  <testcase classname="com.bounceadmin.testscript.SalesCommissionReport" name="filterByCountry" time="35.838"/>
  <system-out/>
  <testcase classname="com.bounceadmin.testscript.SalesCommissionReport" name="filterByNursery" time="4.230"/>
  <system-out/>
  <testcase classname="com.bounceadmin.testscript.SalesCommissionReport" name="filterByCountryNursery" time="4.035"/>
  <system-out/>
  <testcase classname="com.bounceadmin.testscript.SalesCommissionReport" name="verifyPrintClickCancel" time="6.392"/>
  <system-out/>
  <testcase classname="com.bounceadmin.testscript.SalesCommissionReport" name="verifyPrintClickPrint" time="8.148"/>
  <system-out/>
</testsuite> <!-- com.bounceadmin.testscript.SalesCommissionReport -->
