<?xml version="1.0" encoding="UTF-8"?>
<!-- Generated by org.testng.reporters.JUnitReportReporter -->
<testsuite hostname="HASEEF" failures="0" tests="9" name="com.bounceadmin.testscript.ActiveStudents" time="93.941" errors="0" timestamp="2021-09-15T10:51:06 IST" skipped="0">
  <testcase classname="com.bounceadmin.testscript.ActiveStudents" name="filterByCountry" time="16.804"/>
  <system-out/>
  <testcase classname="com.bounceadmin.testscript.ActiveStudents" name="filterByNurseryName" time="7.810"/>
  <system-out/>
  <testcase classname="com.bounceadmin.testscript.ActiveStudents" name="filterByCountryNursery" time="11.987"/>
  <system-out/>
  <testcase classname="com.bounceadmin.testscript.ActiveStudents" name="filterByCountryNurseryFromDate" time="8.801"/>
  <system-out/>
  <testcase classname="com.bounceadmin.testscript.ActiveStudents" name="filterByCountryNurseryToDate" time="13.849"/>
  <system-out/>
  <testcase classname="com.bounceadmin.testscript.ActiveStudents" name="filterByCountryFromAndToDate" time="11.776"/>
  <system-out/>
  <testcase classname="com.bounceadmin.testscript.ActiveStudents" name="filterByNurseryFromAndToDate" time="8.454"/>
  <system-out/>
  <testcase classname="com.bounceadmin.testscript.ActiveStudents" name="filterByCountryNurserySameDate" time="5.206"/>
  <system-out/>
  <testcase classname="com.bounceadmin.testscript.ActiveStudents" name="filterByCountryNurseryFromAndToDate" time="9.254"/>
  <system-out/>
</testsuite> <!-- com.bounceadmin.testscript.ActiveStudents -->
