<?xml version="1.0" encoding="UTF-8"?>
<!-- Generated by org.testng.reporters.JUnitReportReporter -->
<testsuite hostname="HASEEF" failures="0" tests="2" name="com.bounceadmin.testscript.LvcReport" time="10.003" errors="0" timestamp="2021-09-15T10:51:06 IST" skipped="0">
  <testcase classname="com.bounceadmin.testscript.LvcReport" name="filterReportByCountry" time="7.984"/>
  <system-out/>
  <testcase classname="com.bounceadmin.testscript.LvcReport" name="filterReportByNurseryName" time="2.019"/>
  <system-out/>
</testsuite> <!-- com.bounceadmin.testscript.LvcReport -->
